<?xml version="1.0" encoding="UTF-8"?>
<testng-results total="1" passed="1" failed="0" skipped="0">
  <reporter-output>
  </reporter-output>
  <suite started-at="2022-04-12T06:39:06Z" name="Default suite" finished-at="2022-04-12T06:40:09Z" duration-ms="62565">
    <groups>
      <group name="cucumber">
        <method signature="TestRunner.feature(cucumber.api.testng.CucumberFeatureWrapper)[pri:0, instance:cucumber.runner.TestRunner@4d154ccd]" name="feature" class="cucumber.runner.TestRunner"/>
      </group> <!-- cucumber -->
    </groups>
    <test started-at="2022-04-12T06:39:06Z" name="Default test" finished-at="2022-04-12T06:40:09Z" duration-ms="62565">
      <class name="cucumber.runner.TestRunner">
        <test-method is-config="true" signature="setUpClass()[pri:0, instance:cucumber.runner.TestRunner@4d154ccd]" started-at="2022-04-12T12:09:06Z" name="setUpClass" finished-at="2022-04-12T12:09:07Z" duration-ms="485" status="PASS">
          <reporter-output>
          </reporter-output>
        </test-method> <!-- setUpClass -->
        <test-method signature="feature(cucumber.api.testng.CucumberFeatureWrapper)[pri:0, instance:cucumber.runner.TestRunner@4d154ccd]" started-at="2022-04-12T12:09:07Z" name="feature" description="Runs Cucucmber Feature" data-provider="features" finished-at="2022-04-12T12:10:09Z" duration-ms="61877" status="PASS">
          <params>
            <param index="0">
              <value>
                <![CDATA[Validate Automation Practice website SDET assessment]]>
              </value>
            </param>
          </params>
          <reporter-output>
          </reporter-output>
        </test-method> <!-- feature -->
        <test-method is-config="true" signature="tearDownClass()[pri:0, instance:cucumber.runner.TestRunner@4d154ccd]" started-at="2022-04-12T12:10:09Z" name="tearDownClass" finished-at="2022-04-12T12:10:09Z" duration-ms="4" status="PASS">
          <reporter-output>
          </reporter-output>
        </test-method> <!-- tearDownClass -->
      </class> <!-- cucumber.runner.TestRunner -->
    </test> <!-- Default test -->
  </suite> <!-- Default suite -->
</testng-results>
